2015-12-12 19:26:24,413 [8] INFO  Epam_MVCTask1_ByAleksieiev_WEB.IpLogger - Client ip is ::1
2015-12-12 19:26:24,430 [8] INFO  Epam_MVCTask1_ByAleksieiev_WEB.IpLogger - Client ip is ::1
2015-12-12 19:26:44,369 [8] INFO  Epam_MVCTask1_ByAleksieiev_WEB.Controllers.GameController - All games returned by Get() method. There are 1 games
2015-12-12 19:26:44,369 [8] INFO  Epam_MVCTask1_ByAleksieiev_WEB.Controllers.GameController - GAME0: ID = 1, Name = Deus Ex
2015-12-12 19:26:44,414 [8] INFO  Epam_MVCTask1_ByAleksieiev_WEB.PerformanceLogger - Action method http://localhost:9286/api/game/ has taken 19968 milliseconds
2015-12-12 19:26:44,414 [8] INFO  Epam_MVCTask1_ByAleksieiev_WEB.PerformanceLogger - Action method http://localhost:9286/api/game/ has taken 19968 milliseconds
2015-12-12 19:27:06,791 [7] INFO  Epam_MVCTask1_ByAleksieiev_WEB.IpLogger - Client ip is ::1
2015-12-12 19:27:06,791 [7] INFO  Epam_MVCTask1_ByAleksieiev_WEB.IpLogger - Client ip is ::1
2015-12-12 19:27:06,873 [7] INFO  Epam_MVCTask1_ByAleksieiev_WEB.Controllers.GameController - Game ID = 1, Name = Deus Ex
2015-12-12 19:27:06,874 [7] INFO  Epam_MVCTask1_ByAleksieiev_WEB.PerformanceLogger - Action method http://localhost:9286/api/game/1 has taken 82 milliseconds
2015-12-12 19:27:06,874 [7] INFO  Epam_MVCTask1_ByAleksieiev_WEB.PerformanceLogger - Action method http://localhost:9286/api/game/1 has taken 82 milliseconds
2015-12-12 19:28:50,376 [8] INFO  Epam_MVCTask1_ByAleksieiev_WEB.IpLogger - Client ip is ::1
2015-12-12 19:28:50,376 [8] INFO  Epam_MVCTask1_ByAleksieiev_WEB.IpLogger - Client ip is ::1
2015-12-12 19:28:50,411 [8] INFO  Epam_MVCTask1_ByAleksieiev_WEB.PerformanceLogger - Action method http://localhost:9286/api/game/download has taken 34 milliseconds
2015-12-12 19:28:50,411 [8] INFO  Epam_MVCTask1_ByAleksieiev_WEB.PerformanceLogger - Action method http://localhost:9286/api/game/download has taken 34 milliseconds
2015-12-12 19:29:36,054 [9] INFO  Epam_MVCTask1_ByAleksieiev_WEB.IpLogger - Client ip is ::1
2015-12-12 19:29:36,054 [9] INFO  Epam_MVCTask1_ByAleksieiev_WEB.IpLogger - Client ip is ::1
2015-12-12 19:29:36,057 [9] INFO  Epam_MVCTask1_ByAleksieiev_WEB.Controllers.GameController - Game with ID = 1 was downloaded
2015-12-12 19:29:36,057 [9] INFO  Epam_MVCTask1_ByAleksieiev_WEB.PerformanceLogger - Action method http://localhost:9286/api/game/1/download has taken 3 milliseconds
2015-12-12 19:29:36,057 [9] INFO  Epam_MVCTask1_ByAleksieiev_WEB.PerformanceLogger - Action method http://localhost:9286/api/game/1/download has taken 3 milliseconds
2015-12-12 22:42:19,536 [123] INFO  Epam_MVCTask1_ByAleksieiev_WEB.IpLogger - Client ip is ::1
2015-12-12 22:42:19,554 [123] INFO  Epam_MVCTask1_ByAleksieiev_WEB.IpLogger - Client ip is ::1
2015-12-12 22:42:34,996 [123] INFO  Epam_MVCTask1_ByAleksieiev_WEB.Controllers.GameController - All games returned by Get() method. There are 1 games
2015-12-12 22:42:34,997 [123] INFO  Epam_MVCTask1_ByAleksieiev_WEB.Controllers.GameController - GAME0: ID = 1, Name = Deus Ex
2015-12-12 22:42:35,021 [123] INFO  Epam_MVCTask1_ByAleksieiev_WEB.PerformanceLogger - Action method http://localhost:9286/api/game/ has taken 15467 milliseconds
2015-12-12 22:42:35,021 [123] INFO  Epam_MVCTask1_ByAleksieiev_WEB.PerformanceLogger - Action method http://localhost:9286/api/game/ has taken 15467 milliseconds
2015-12-12 22:47:55,449 [7] INFO  Epam_MVCTask1_ByAleksieiev_WEB.IpLogger - Client ip is ::1
2015-12-12 22:47:55,468 [7] INFO  Epam_MVCTask1_ByAleksieiev_WEB.IpLogger - Client ip is ::1
2015-12-12 22:48:06,540 [7] INFO  Epam_MVCTask1_ByAleksieiev_WEB.Controllers.GameController - All games returned by Get() method. There are 1 games
2015-12-12 22:48:06,540 [7] INFO  Epam_MVCTask1_ByAleksieiev_WEB.Controllers.GameController - GAME0: ID = 1, Name = Deus Ex
2015-12-12 22:48:06,580 [7] INFO  Epam_MVCTask1_ByAleksieiev_WEB.PerformanceLogger - Action method http://localhost:9286/api/game/ has taken 11099 milliseconds
2015-12-12 22:48:06,581 [7] INFO  Epam_MVCTask1_ByAleksieiev_WEB.PerformanceLogger - Action method http://localhost:9286/api/game/ has taken 11099 milliseconds
